<?xml version="1.0" encoding="UTF-8"?>
<!-- Generated by org.testng.reporters.JUnitXMLReporter -->
<testsuite hostname="SudheerChowdary" ignored="0" name="Command line test" tests="4" failures="0" timestamp="10 Feb 2019 03:43:33 GMT" time="37.062" errors="0">
  <testcase name="verifyTitleTest" time="0.013" classname="com.actitime.qa.LoginPage2Test"/>
  <testcase name="verifyTitleTest" time="0.018" classname="com.actitime.qa.LoginPageTest"/>
  <testcase name="loginTest" time="3.251" classname="com.actitime.qa.LoginPage2Test"/>
  <testcase name="loginTest" time="3.239" classname="com.actitime.qa.LoginPageTest"/>
</testsuite> <!-- Command line test -->
