<?xml version="1.0" encoding="UTF-8"?>
<testng-results skipped="0" failed="0" ignored="0" total="2" passed="2">
  <reporter-output>
  </reporter-output>
  <suite name="Default suite" duration-ms="18839" started-at="2019-02-10T04:16:54Z" finished-at="2019-02-10T04:17:13Z">
    <groups>
    </groups>
    <test name="Default test" duration-ms="18839" started-at="2019-02-10T04:16:54Z" finished-at="2019-02-10T04:17:13Z">
      <class name="com.actitime.qa.LoginPageTest">
        <test-method status="PASS" signature="setup()[pri:0, instance:com.actitime.qa.LoginPageTest@3ffc5af1]" name="setup" is-config="true" duration-ms="8750" started-at="2019-02-10T04:16:54Z" finished-at="2019-02-10T04:17:03Z">
          <reporter-output>
          </reporter-output>
        </test-method> <!-- setup -->
        <test-method status="PASS" signature="verifyTitleTest()[pri:1, instance:com.actitime.qa.LoginPageTest@3ffc5af1]" name="verifyTitleTest" duration-ms="52" started-at="2019-02-10T04:17:03Z" finished-at="2019-02-10T04:17:03Z">
          <reporter-output>
          </reporter-output>
        </test-method> <!-- verifyTitleTest -->
        <test-method status="PASS" signature="shutdown()[pri:0, instance:com.actitime.qa.LoginPageTest@3ffc5af1]" name="shutdown" is-config="true" duration-ms="666" started-at="2019-02-10T04:17:03Z" finished-at="2019-02-10T04:17:03Z">
          <reporter-output>
          </reporter-output>
        </test-method> <!-- shutdown -->
        <test-method status="PASS" signature="setup()[pri:0, instance:com.actitime.qa.LoginPageTest@3ffc5af1]" name="setup" is-config="true" duration-ms="5894" started-at="2019-02-10T04:17:03Z" finished-at="2019-02-10T04:17:09Z">
          <reporter-output>
          </reporter-output>
        </test-method> <!-- setup -->
        <test-method status="PASS" signature="loginTest()[pri:2, instance:com.actitime.qa.LoginPageTest@3ffc5af1]" name="loginTest" duration-ms="2216" started-at="2019-02-10T04:17:09Z" finished-at="2019-02-10T04:17:11Z">
          <reporter-output>
          </reporter-output>
        </test-method> <!-- loginTest -->
        <test-method status="PASS" signature="shutdown()[pri:0, instance:com.actitime.qa.LoginPageTest@3ffc5af1]" name="shutdown" is-config="true" duration-ms="1197" started-at="2019-02-10T04:17:11Z" finished-at="2019-02-10T04:17:13Z">
          <reporter-output>
          </reporter-output>
        </test-method> <!-- shutdown -->
      </class> <!-- com.actitime.qa.LoginPageTest -->
    </test> <!-- Default test -->
  </suite> <!-- Default suite -->
</testng-results>
